{"numFailedTestSuites":0,"numFailedTests":0,"numPassedTestSuites":31,"numPassedTests":252,"numPendingTestSuites":0,"numPendingTests":0,"numRuntimeErrorTestSuites":0,"numTodoTests":19,"numTotalTestSuites":31,"numTotalTests":271,"openHandles":[],"snapshot":{"added":0,"didUpdate":false,"failure":false,"filesAdded":0,"filesRemoved":0,"filesRemovedList":[],"filesUnmatched":0,"filesUpdated":0,"matched":0,"total":0,"unchecked":0,"uncheckedKeysByFile":[],"unmatched":0,"updated":0},"startTime":1788181777857,"success":true,"testResults":[{"assertionResults":[{"ancestorTitles":["POST /api/recipes/upload"],"duration":34,"failureDetails":[],"failureMessages":[],"fullName":"POST /api/recipes/upload returns 401 when not authenticated","invocations":1,"location":null,"numPassingAsserts":1,"retryReasons":[],"status":"passed","title":"returns 401 when not authenticated"},{"ancestorTitles":["POST /api/recipes/upload"],"duration":8,"failureDetails":[],"failureMessages":[],"fullName":"POST /api/recipes/upload returns 400 when no file provided","invocations":1,"location":null,"numPassingAsserts":1,"retryReasons":[],"status":"passed","title":"returns 400 when no file provided"},{"ancestorTitles":["POST /api/recipes/upload"],"duration":26,"failureDetails":[],"failureMessages":[],"fullName":"POST /api/recipes/upload returns 400 when file validation fails (invalid image type)","invocations":1,"location":null,"numPassingAsserts":1,"retryReasons":[],"status":"passed","title":"returns 400 when file validation fails (invalid image type)"},{"ancestorTitles":["POST /api/recipes/upload"],"duration":6,"failureDetails":[],"failureMessages":[],"fullName":"POST /api/recipes/upload returns 413 when image too large","invocations":1,"location":null,"numPassingAsserts":1,"retryReasons":[],"status":"passed","title":"returns 413 when image too large"},{"ancestorTitles":["POST /api/recipes/upload"],"duration":9,"failureDetails":[],"failureMessages":[],"fullName":"POST /api/recipes/upload returns 400 when image signature check fails","invocations":1,"location":null,"numPassingAsserts":1,"retryReasons":[],"status":"passed","title":"returns 400 when image signature check fails"},{"ancestorTitles":["POST /api/recipes/upload"],"duration":12,"failureDetails":[],"failureMessages":[],"fullName":"POST /api/recipes/upload upload valid image and return public url","invocations":1,"location":null,"numPassingAsserts":2,"retryReasons":[],"status":"passed","title":"upload valid image and return public url"},{"ancestorTitles":["POST /api/recipes/upload"],"duration":12,"failureDetails":[],"failureMessages":[],"fullName":"POST /api/recipes/upload upload valid video and return public url","invocations":1,"location":null,"numPassingAsserts":1,"retryReasons":[],"status":"passed","title":"upload valid video and return public url"},{"ancestorTitles":["POST /api/recipes/upload"],"duration":82,"failureDetails":[],"failureMessages":[],"fullName":"POST /api/recipes/upload returns 502 when storage upload fails","invocations":1,"location":null,"numPassingAsserts":1,"retryReasons":[],"status":"passed","title":"returns 502 when storage upload fails"},{"ancestorTitles":["POST /api/recipes/upload"],"duration":4,"failureDetails":[],"failureMessages":[],"fullName":"POST /api/recipes/upload returns 400 for unsupported file type (no storage path)","invocations":1,"location":null,"numPassingAsserts":1,"retryReasons":[],"status":"passed","title":"returns 400 for unsupported file type (no storage path)"}],"endTime":1788181782405,"message":"","name":"D:\\y31\\Kinyark\\kinyark-ingredients-1\\tests\\recipes-upload.route.test.ts","startTime":1788181779992,"status":"passed","summary":""},{"assertionResults":[{"ancestorTitles":["GET /api/recipes/[id]/ratings"],"duration":50,"failureDetails":[],"failureMessages":[],"fullName":"GET /api/recipes/[id]/ratings returns 400 when recipeId is invalid","invocations":1,"location":null,"numPassingAsserts":2,"retryReasons":[],"status":"passed","title":"returns 400 when recipeId is invalid"},{"ancestorTitles":["GET /api/recipes/[id]/ratings"],"duration":3,"failureDetails":[],"failureMessages":[],"fullName":"GET /api/recipes/[id]/ratings returns 404 when recipe does not exist","invocations":1,"location":null,"numPassingAsserts":2,"retryReasons":[],"status":"passed","title":"returns 404 when recipe does not exist"},{"ancestorTitles":["GET /api/recipes/[id]/ratings"],"duration":8,"failureDetails":[],"failureMessages":[],"fullName":"GET /api/recipes/[id]/ratings returns ratings summary and star breakdown correctly","invocations":1,"location":null,"numPassingAsserts":3,"retryReasons":[],"status":"passed","title":"returns ratings summary and star breakdown correctly"}],"endTime":1788181782545,"message":"","name":"D:\\y31\\Kinyark\\kinyark-ingredients-1\\tests\\recipes-ratings.route.test.ts","startTime":1788181779993,"status":"passed","summary":""},{"assertionResults":[{"ancestorTitles":["GET /api/ingredients"],"duration":42,"failureDetails":[],"failureMessages":[],"fullName":"GET /api/ingredients returns all ingredients when no query params provided","invocations":1,"location":null,"numPassingAsserts":3,"retryReasons":[],"status":"passed","title":"returns all ingredients when no query params provided"},{"ancestorTitles":["GET /api/ingredients"],"duration":14,"failureDetails":[],"failureMessages":[],"fullName":"GET /api/ingredients filters by categoryId","invocations":1,"location":null,"numPassingAsserts":3,"retryReasons":[],"status":"passed","title":"filters by categoryId"},{"ancestorTitles":["GET /api/ingredients"],"duration":3,"failureDetails":[],"failureMessages":[],"fullName":"GET /api/ingredients filters by category name (case insensitive)","invocations":1,"location":null,"numPassingAsserts":2,"retryReasons":[],"status":"passed","title":"filters by category name (case insensitive)"},{"ancestorTitles":["GET /api/ingredients"],"duration":3,"failureDetails":[],"failureMessages":[],"fullName":"GET /api/ingredients filters by search","invocations":1,"location":null,"numPassingAsserts":1,"retryReasons":[],"status":"passed","title":"filters by search"},{"ancestorTitles":["GET /api/ingredients"],"duration":9,"failureDetails":[],"failureMessages":[],"fullName":"GET /api/ingredients returns 400 for invalid categoryId","invocations":1,"location":null,"numPassingAsserts":3,"retryReasons":[],"status":"passed","title":"returns 400 for invalid categoryId"},{"ancestorTitles":["GET /api/ingredients"],"duration":71,"failureDetails":[],"failureMessages":[],"fullName":"GET /api/ingredients returns 500 on internal server error","invocations":1,"location":null,"numPassingAsserts":2,"retryReasons":[],"status":"passed","title":"returns 500 on internal server error"},{"ancestorTitles":["POST /api/ingredients"],"duration":11,"failureDetails":[],"failureMessages":[],"fullName":"POST /api/ingredients creates ingredient and resolves category by name","invocations":1,"location":null,"numPassingAsserts":3,"retryReasons":[],"status":"passed","title":"creates ingredient and resolves category by name"},{"ancestorTitles":["POST /api/ingredients"],"duration":3,"failureDetails":[],"failureMessages":[],"fullName":"POST /api/ingredients links to an existing category by name","invocations":1,"location":null,"numPassingAsserts":1,"retryReasons":[],"status":"passed","title":"links to an existing category by name"},{"ancestorTitles":["POST /api/ingredients"],"duration":3,"failureDetails":[],"failureMessages":[],"fullName":"POST /api/ingredients uses categoryId directly when provided","invocations":1,"location":null,"numPassingAsserts":2,"retryReasons":[],"status":"passed","title":"uses categoryId directly when provided"},{"ancestorTitles":["POST /api/ingredients"],"duration":3,"failureDetails":[],"failureMessages":[],"fullName":"POST /api/ingredients creates ingredient without category","invocations":1,"location":null,"numPassingAsserts":2,"retryReasons":[],"status":"passed","title":"creates ingredient without category"},{"ancestorTitles":["POST /api/ingredients"],"duration":3,"failureDetails":[],"failureMessages":[],"fullName":"POST /api/ingredients returns 400 for invalid body","invocations":1,"location":null,"numPassingAsserts":2,"retryReasons":[],"status":"passed","title":"returns 400 for invalid body"},{"ancestorTitles":["POST /api/ingredients"],"duration":3,"failureDetails":[],"failureMessages":[],"fullName":"POST /api/ingredients returns 400 if ingredient already exists under a different category","invocations":1,"location":null,"numPassingAsserts":3,"retryReasons":[],"status":"passed","title":"returns 400 if ingredient already exists under a different category"},{"ancestorTitles":["POST /api/ingredients"],"duration":2,"failureDetails":[],"failureMessages":[],"fullName":"POST /api/ingredients returns 400 when both category and categoryId provided","invocations":1,"location":null,"numPassingAsserts":1,"retryReasons":[],"status":"passed","title":"returns 400 when both category and categoryId provided"},{"ancestorTitles":["POST /api/ingredients"],"duration":3,"failureDetails":[],"failureMessages":[],"fullName":"POST /api/ingredients returns 500 on internal server error","invocations":1,"location":null,"numPassingAsserts":1,"retryReasons":[],"status":"passed","title":"returns 500 on internal server error"}],"endTime":1788181782636,"message":"","name":"D:\\y31\\Kinyark\\kinyark-ingredients-1\\tests\\ingredients.route.test.ts","startTime":1788181779978,"status":"passed","summary":""},{"assertionResults":[{"ancestorTitles":["GET /api/recipes/[id]"],"duration":47,"failureDetails":[],"failureMessages":[],"fullName":"GET /api/recipes/[id] returns full recipe for anonymous user without isFavorite","invocations":1,"location":null,"numPassingAsserts":4,"retryReasons":[],"status":"passed","title":"returns full recipe for anonymous user without isFavorite"},{"ancestorTitles":["GET /api/recipes/[id]"],"duration":5,"failureDetails":[],"failureMessages":[],"fullName":"GET /api/recipes/[id] computes isFavorite for logged-in user","invocations":1,"location":null,"numPassingAsserts":3,"retryReasons":[],"status":"passed","title":"computes isFavorite for logged-in user"},{"ancestorTitles":["GET /api/recipes/[id]"],"duration":3,"failureDetails":[],"failureMessages":[],"fullName":"GET /api/recipes/[id] allows owner to view a private recipe","invocations":1,"location":null,"numPassingAsserts":1,"retryReasons":[],"status":"passed","title":"allows owner to view a private recipe"},{"ancestorTitles":["GET /api/recipes/[id]"],"duration":3,"failureDetails":[],"failureMessages":[],"fullName":"GET /api/recipes/[id] returns 404 for private recipe accessed by non-owner","invocations":1,"location":null,"numPassingAsserts":2,"retryReasons":[],"status":"passed","title":"returns 404 for private recipe accessed by non-owner"},{"ancestorTitles":["GET /api/recipes/[id]"],"duration":3,"failureDetails":[],"failureMessages":[],"fullName":"GET /api/recipes/[id] returns 404 when recipe does not exist","invocations":1,"location":null,"numPassingAsserts":2,"retryReasons":[],"status":"passed","title":"returns 404 when recipe does not exist"},{"ancestorTitles":["GET /api/recipes/[id]"],"duration":5,"failureDetails":[],"failureMessages":[],"fullName":"GET /api/recipes/[id] returns 400 for invalid id","invocations":1,"location":null,"numPassingAsserts":3,"retryReasons":[],"status":"passed","title":"returns 400 for invalid id"},{"ancestorTitles":["GET /api/recipes/[id]"],"duration":156,"failureDetails":[],"failureMessages":[],"fullName":"GET /api/recipes/[id] returns 500 on internal server error","invocations":1,"location":null,"numPassingAsserts":2,"retryReasons":[],"status":"passed","title":"returns 500 on internal server error"},{"ancestorTitles":["DELETE /api/recipes/[id]"],"duration":3,"failureDetails":[],"failureMessages":[],"fullName":"DELETE /api/recipes/[id] returns 401 when not authenticated","invocations":1,"location":null,"numPassingAsserts":2,"retryReasons":[],"status":"passed","title":"returns 401 when not authenticated"},{"ancestorTitles":["DELETE /api/recipes/[id]"],"duration":7,"failureDetails":[],"failureMessages":[],"fullName":"DELETE /api/recipes/[id] returns 400 when id is not a valid uuid","invocations":1,"location":null,"numPassingAsserts":2,"retryReasons":[],"status":"passed","title":"returns 400 when id is not a valid uuid"},{"ancestorTitles":["DELETE /api/recipes/[id]"],"duration":3,"failureDetails":[],"failureMessages":[],"fullName":"DELETE /api/recipes/[id] returns 404 when recipe does not exist","invocations":1,"location":null,"numPassingAsserts":1,"retryReasons":[],"status":"passed","title":"returns 404 when recipe does not exist"},{"ancestorTitles":["DELETE /api/recipes/[id]"],"duration":2,"failureDetails":[],"failureMessages":[],"fullName":"DELETE /api/recipes/[id] returns 403 when user is not the recipe owner","invocations":1,"location":null,"numPassingAsserts":2,"retryReasons":[],"status":"passed","title":"returns 403 when user is not the recipe owner"},{"ancestorTitles":["DELETE /api/recipes/[id]"],"duration":5,"failureDetails":[],"failureMessages":[],"fullName":"DELETE /api/recipes/[id] deletes recipe, related relations and all store post media","invocations":1,"location":null,"numPassingAsserts":6,"retryReasons":[],"status":"passed","title":"deletes recipe, related relations and all store post media"},{"ancestorTitles":["DELETE /api/recipes/[id]"],"duration":5,"failureDetails":[],"failureMessages":[],"fullName":"DELETE /api/recipes/[id] returns 500 on internal server error","invocations":1,"location":null,"numPassingAsserts":1,"retryReasons":[],"status":"passed","title":"returns 500 on internal server error"}],"endTime":1788181782741,"message":"","name":"D:\\y31\\Kinyark\\kinyark-ingredients-1\\tests\\recipes-id.route.test.ts","startTime":1788181779974,"status":"passed","summary":""},{"assertionResults":[{"ancestorTitles":["DELETE /api/auth/delete-account"],"duration":42,"failureDetails":[],"failureMessages":[],"fullName":"DELETE /api/auth/delete-account returns 401 if user is not logged in","invocations":1,"location":null,"numPassingAsserts":2,"retryReasons":[],"status":"passed","title":"returns 401 if user is not logged in"},{"ancestorTitles":["DELETE /api/auth/delete-account"],"duration":11,"failureDetails":[],"failureMessages":[],"fullName":"DELETE /api/auth/delete-account returns 400 for empty password","invocations":1,"location":null,"numPassingAsserts":2,"retryReasons":[],"status":"passed","title":"returns 400 for empty password"},{"ancestorTitles":["DELETE /api/auth/delete-account"],"duration":8,"failureDetails":[],"failureMessages":[],"fullName":"DELETE /api/auth/delete-account returns 400 for incorrect password","invocations":1,"location":null,"numPassingAsserts":2,"retryReasons":[],"status":"passed","title":"returns 400 for incorrect password"},{"ancestorTitles":["DELETE /api/auth/delete-account"],"duration":175,"failureDetails":[],"failureMessages":[],"fullName":"DELETE /api/auth/delete-account returns 200 and deletes account successfully","invocations":1,"location":null,"numPassingAsserts":5,"retryReasons":[],"status":"passed","title":"returns 200 and deletes account successfully"},{"ancestorTitles":["DELETE /api/auth/delete-account"],"duration":24,"failureDetails":[],"failureMessages":[],"fullName":"DELETE /api/auth/delete-account returns 500 if Supabase admin delete fails","invocations":1,"location":null,"numPassingAsserts":2,"retryReasons":[],"status":"passed","title":"returns 500 if Supabase admin delete fails"}],"endTime":1788181782899,"message":"","name":"D:\\y31\\Kinyark\\kinyark-ingredients-1\\tests\\delete-account.api.test.ts","startTime":1788181779976,"status":"passed","summary":""},{"assertionResults":[{"ancestorTitles":["GET /api/users/me"],"duration":52,"failureDetails":[],"failureMessages":[],"fullName":"GET /api/users/me returns 200 with full profile when authenticated","invocations":1,"location":null,"numPassingAsserts":2,"retryReasons":[],"status":"passed","title":"returns 200 with full profile when authenticated"},{"ancestorTitles":["GET /api/users/me"],"duration":3,"failureDetails":[],"failureMessages":[],"fullName":"GET /api/users/me does not leak password or sensitive fields","invocations":1,"location":null,"numPassingAsserts":2,"retryReasons":[],"status":"passed","title":"does not leak password or sensitive fields"},{"ancestorTitles":["GET /api/users/me"],"duration":2,"failureDetails":[],"failureMessages":[],"fullName":"GET /api/users/me returns 401 when not authenticated","invocations":1,"location":null,"numPassingAsserts":2,"retryReasons":[],"status":"passed","title":"returns 401 when not authenticated"},{"ancestorTitles":["GET /api/users/me"],"duration":2,"failureDetails":[],"failureMessages":[],"fullName":"GET /api/users/me returns 401 when getUser returns an error but no user","invocations":1,"location":null,"numPassingAsserts":2,"retryReasons":[],"status":"passed","title":"returns 401 when getUser returns an error but no user"},{"ancestorTitles":["GET /api/users/me"],"duration":3,"failureDetails":[],"failureMessages":[],"fullName":"GET /api/users/me returns 404 when DB record is missing","invocations":1,"location":null,"numPassingAsserts":2,"retryReasons":[],"status":"passed","title":"returns 404 when DB record is missing"},{"ancestorTitles":["GET /api/users/me"],"duration":172,"failureDetails":[],"failureMessages":[],"fullName":"GET /api/users/me returns 500 on internal server error","invocations":1,"location":null,"numPassingAsserts":2,"retryReasons":[],"status":"passed","title":"returns 500 on internal server error"},{"ancestorTitles":["GET /api/users/me"],"duration":3,"failureDetails":[],"failureMessages":[],"fullName":"GET /api/users/me passes FULL_PROFILE_SELECT through to Prisma","invocations":1,"location":null,"numPassingAsserts":1,"retryReasons":[],"status":"passed","title":"passes FULL_PROFILE_SELECT through to Prisma"},{"ancestorTitles":["PATCH /api/users/me"],"duration":9,"failureDetails":[],"failureMessages":[],"fullName":"PATCH /api/users/me returns 401 when not authenticated","invocations":1,"location":null,"numPassingAsserts":2,"retryReasons":[],"status":"passed","title":"returns 401 when not authenticated"},{"ancestorTitles":["PATCH /api/users/me"],"duration":3,"failureDetails":[],"failureMessages":[],"fullName":"PATCH /api/users/me returns 400 for malformed JSON","invocations":1,"location":null,"numPassingAsserts":2,"retryReasons":[],"status":"passed","title":"returns 400 for malformed JSON"},{"ancestorTitles":["PATCH /api/users/me"],"duration":11,"failureDetails":[],"failureMessages":[],"fullName":"PATCH /api/users/me returns 400 when username is too short","invocations":1,"location":null,"numPassingAsserts":2,"retryReasons":[],"status":"passed","title":"returns 400 when username is too short"},{"ancestorTitles":["PATCH /api/users/me"],"duration":2,"failureDetails":[],"failureMessages":[],"fullName":"PATCH /api/users/me returns 400 when username is too long","invocations":1,"location":null,"numPassingAsserts":2,"retryReasons":[],"status":"passed","title":"returns 400 when username is too long"},{"ancestorTitles":["PATCH /api/users/me"],"duration":4,"failureDetails":[],"failureMessages":[],"fullName":"PATCH /api/users/me returns 400 for invalid email","invocations":1,"location":null,"numPassingAsserts":2,"retryReasons":[],"status":"passed","title":"returns 400 for invalid email"},{"ancestorTitles":["PATCH /api/users/me"],"duration":5,"failureDetails":[],"failureMessages":[],"fullName":"PATCH /api/users/me returns 400 for invalid avatarUrl","invocations":1,"location":null,"numPassingAsserts":2,"retryReasons":[],"status":"passed","title":"returns 400 for invalid avatarUrl"},{"ancestorTitles":["PATCH /api/users/me"],"duration":4,"failureDetails":[],"failureMessages":[],"fullName":"PATCH /api/users/me returns 400 for empty request body","invocations":1,"location":null,"numPassingAsserts":2,"retryReasons":[],"status":"passed","title":"returns 400 for empty request body"},{"ancestorTitles":["PATCH /api/users/me"],"duration":2,"failureDetails":[],"failureMessages":[],"fullName":"PATCH /api/users/me returns 400 when only currentPassword is provided","invocations":1,"location":null,"numPassingAsserts":2,"retryReasons":[],"status":"passed","title":"returns 400 when only currentPassword is provided"},{"ancestorTitles":["PATCH /api/users/me"],"duration":4,"failureDetails":[],"failureMessages":[],"fullName":"PATCH /api/users/me returns 400 when newPassword is provided without currentPassword","invocations":1,"location":null,"numPassingAsserts":2,"retryReasons":[],"status":"passed","title":"returns 400 when newPassword is provided without currentPassword"},{"ancestorTitles":["PATCH /api/users/me"],"duration":4,"failureDetails":[],"failureMessages":[],"fullName":"PATCH /api/users/me returns 400 for incorrect current password","invocations":1,"location":null,"numPassingAsserts":2,"retryReasons":[],"status":"passed","title":"returns 400 for incorrect current password"},{"ancestorTitles":["PATCH /api/users/me"],"duration":4,"failureDetails":[],"failureMessages":[],"fullName":"PATCH /api/users/me returns 200 when updating username only","invocations":1,"location":null,"numPassingAsserts":4,"retryReasons":[],"status":"passed","title":"returns 200 when updating username only"},{"ancestorTitles":["PATCH /api/users/me"],"duration":13,"failureDetails":[],"failureMessages":[],"fullName":"PATCH /api/users/me returns 200 when requesting email update","invocations":1,"location":null,"numPassingAsserts":2,"retryReasons":[],"status":"passed","title":"returns 200 when requesting email update"},{"ancestorTitles":["PATCH /api/users/me"],"duration":13,"failureDetails":[],"failureMessages":[],"fullName":"PATCH /api/users/me email response reports emailChangePending: true","invocations":1,"location":null,"numPassingAsserts":1,"retryReasons":[],"status":"passed","title":"email response reports emailChangePending: true"},{"ancestorTitles":["PATCH /api/users/me"],"duration":2,"failureDetails":[],"failureMessages":[],"fullName":"PATCH /api/users/me returns 200 when updating password with valid current password","invocations":1,"location":null,"numPassingAsserts":2,"retryReasons":[],"status":"passed","title":"returns 200 when updating password with valid current password"},{"ancestorTitles":["PATCH /api/users/me"],"duration":3,"failureDetails":[],"failureMessages":[],"fullName":"PATCH /api/users/me returns 200 when updating avatarUrl","invocations":1,"location":null,"numPassingAsserts":2,"retryReasons":[],"status":"passed","title":"returns 200 when updating avatarUrl"},{"ancestorTitles":["PATCH /api/users/me"],"duration":16,"failureDetails":[],"failureMessages":[],"fullName":"PATCH /api/users/me returns 200 when setting avatarUrl to null","invocations":1,"location":null,"numPassingAsserts":2,"retryReasons":[],"status":"passed","title":"returns 200 when setting avatarUrl to null"},{"ancestorTitles":["PATCH /api/users/me"],"duration":4,"failureDetails":[],"failureMessages":[],"fullName":"PATCH /api/users/me password fields are never passed to Prisma","invocations":1,"location":null,"numPassingAsserts":2,"retryReasons":[],"status":"passed","title":"password fields are never passed to Prisma"},{"ancestorTitles":["PATCH /api/users/me"],"duration":5,"failureDetails":[],"failureMessages":[],"fullName":"PATCH /api/users/me email is not passed to Prisma before confirmation","invocations":1,"location":null,"numPassingAsserts":2,"retryReasons":[],"status":"passed","title":"email is not passed to Prisma before confirmation"},{"ancestorTitles":["PATCH /api/users/me"],"duration":3,"failureDetails":[],"failureMessages":[],"fullName":"PATCH /api/users/me unknown request body fields never reach Prisma","invocations":1,"location":null,"numPassingAsserts":4,"retryReasons":[],"status":"passed","title":"unknown request body fields never reach Prisma"},{"ancestorTitles":["PATCH /api/users/me"],"duration":2,"failureDetails":[],"failureMessages":[],"fullName":"PATCH /api/users/me Prisma update is not called for password-only updates","invocations":1,"location":null,"numPassingAsserts":1,"retryReasons":[],"status":"passed","title":"Prisma update is not called for password-only updates"},{"ancestorTitles":["PATCH /api/users/me"],"duration":3,"failureDetails":[],"failureMessages":[],"fullName":"PATCH /api/users/me Prisma update is not called for email-only updates","invocations":1,"location":null,"numPassingAsserts":1,"retryReasons":[],"status":"passed","title":"Prisma update is not called for email-only updates"},{"ancestorTitles":["PATCH /api/users/me"],"duration":3,"failureDetails":[],"failureMessages":[],"fullName":"PATCH /api/users/me updateUser({ password }) is not called when password verification fails","invocations":1,"location":null,"numPassingAsserts":1,"retryReasons":[],"status":"passed","title":"updateUser({ password }) is not called when password verification fails"},{"ancestorTitles":["PATCH /api/users/me"],"duration":3,"failureDetails":[],"failureMessages":[],"fullName":"PATCH /api/users/me email update is not called after password update fails","invocations":1,"location":null,"numPassingAsserts":1,"retryReasons":[],"status":"passed","title":"email update is not called after password update fails"},{"ancestorTitles":["PATCH /api/users/me"],"duration":2,"failureDetails":[],"failureMessages":[],"fullName":"PATCH /api/users/me Prisma update is not called after an earlier Supabase operation fails","invocations":1,"location":null,"numPassingAsserts":1,"retryReasons":[],"status":"passed","title":"Prisma update is not called after an earlier Supabase operation fails"},{"ancestorTitles":["PATCH /api/users/me"],"duration":3,"failureDetails":[],"failureMessages":[],"fullName":"PATCH /api/users/me sensitive password values are not returned in successful responses","invocations":1,"location":null,"numPassingAsserts":5,"retryReasons":[],"status":"passed","title":"sensitive password values are not returned in successful responses"},{"ancestorTitles":["PATCH /api/users/me"],"duration":2,"failureDetails":[],"failureMessages":[],"fullName":"PATCH /api/users/me confirmPassword omitted — backward compatible (200)","invocations":1,"location":null,"numPassingAsserts":2,"retryReasons":[],"status":"passed","title":"confirmPassword omitted — backward compatible (200)"},{"ancestorTitles":["PATCH /api/users/me"],"duration":3,"failureDetails":[],"failureMessages":[],"fullName":"PATCH /api/users/me confirmPassword matches newPassword (200)","invocations":1,"location":null,"numPassingAsserts":2,"retryReasons":[],"status":"passed","title":"confirmPassword matches newPassword (200)"},{"ancestorTitles":["PATCH /api/users/me"],"duration":3,"failureDetails":[],"failureMessages":[],"fullName":"PATCH /api/users/me confirmPassword does not match newPassword (400)","invocations":1,"location":null,"numPassingAsserts":2,"retryReasons":[],"status":"passed","title":"confirmPassword does not match newPassword (400)"},{"ancestorTitles":["PATCH /api/users/me"],"duration":3,"failureDetails":[],"failureMessages":[],"fullName":"PATCH /api/users/me newPassword equals currentPassword (400)","invocations":1,"location":null,"numPassingAsserts":2,"retryReasons":[],"status":"passed","title":"newPassword equals currentPassword (400)"},{"ancestorTitles":["PATCH /api/users/me"],"duration":3,"failureDetails":[],"failureMessages":[],"fullName":"PATCH /api/users/me Supabase updateUser fails for password (400)","invocations":1,"location":null,"numPassingAsserts":2,"retryReasons":[],"status":"passed","title":"Supabase updateUser fails for password (400)"},{"ancestorTitles":["PATCH /api/users/me"],"duration":4,"failureDetails":[],"failureMessages":[],"fullName":"PATCH /api/users/me returns 401 when auth check fails","invocations":1,"location":null,"numPassingAsserts":2,"retryReasons":[],"status":"passed","title":"returns 401 when auth check fails"},{"ancestorTitles":["PATCH /api/users/me"],"duration":2,"failureDetails":[],"failureMessages":[],"fullName":"PATCH /api/users/me existing GET tests continue to pass alongside PATCH","invocations":1,"location":null,"numPassingAsserts":2,"retryReasons":[],"status":"passed","title":"existing GET tests continue to pass alongside PATCH"}],"endTime":1788181783070,"message":"","name":"D:\\y31\\Kinyark\\kinyark-ingredients-1\\tests\\users-me.route.test.ts","startTime":1788181779979,"status":"passed","summary":""},{"assertionResults":[{"ancestorTitles":["Proxy Middleware Header Injection"],"duration":12,"failureDetails":[],"failureMessages":[],"fullName":"Proxy Middleware Header Injection strips client-side spoofed x-user-id header when unauthenticated","invocations":1,"location":null,"numPassingAsserts":2,"retryReasons":[],"status":"passed","title":"strips client-side spoofed x-user-id header when unauthenticated"},{"ancestorTitles":["Proxy Middleware Header Injection"],"duration":9,"failureDetails":[],"failureMessages":[],"fullName":"Proxy Middleware Header Injection injects verified x-user-id and x-user-role when session access_token is valid","invocations":1,"location":null,"numPassingAsserts":4,"retryReasons":[],"status":"passed","title":"injects verified x-user-id and x-user-role when session access_token is valid"},{"ancestorTitles":["Proxy Middleware Header Injection"],"duration":3,"failureDetails":[],"failureMessages":[],"fullName":"Proxy Middleware Header Injection does not set x-user-id if verifySupabaseJWT returns no userId","invocations":1,"location":null,"numPassingAsserts":1,"retryReasons":[],"status":"passed","title":"does not set x-user-id if verifySupabaseJWT returns no userId"}],"endTime":1788181783337,"message":"","name":"D:\\y31\\Kinyark\\kinyark-ingredients-1\\tests\\proxy.test.ts","startTime":1788181782562,"status":"passed","summary":""},{"assertionResults":[{"ancestorTitles":["GET /api/recipes"],"duration":12,"failureDetails":[],"failureMessages":[],"fullName":"GET /api/recipes returns public feed with meta when no query params provided","invocations":1,"location":null,"numPassingAsserts":4,"retryReasons":[],"status":"passed","title":"returns public feed with meta when no query params provided"},{"ancestorTitles":["GET /api/recipes"],"duration":2,"failureDetails":[],"failureMessages":[],"fullName":"GET /api/recipes applies pagination skip/take and meta","invocations":1,"location":null,"numPassingAsserts":3,"retryReasons":[],"status":"passed","title":"applies pagination skip/take and meta"},{"ancestorTitles":["GET /api/recipes"],"duration":3,"failureDetails":[],"failureMessages":[],"fullName":"GET /api/recipes returns 400 for invalid params","invocations":1,"location":null,"numPassingAsserts":3,"retryReasons":[],"status":"passed","title":"returns 400 for invalid params"},{"ancestorTitles":["GET /api/recipes"],"duration":3,"failureDetails":[],"failureMessages":[],"fullName":"GET /api/recipes returns 401 for ?mine=true when unauthenticated","invocations":1,"location":null,"numPassingAsserts":3,"retryReasons":[],"status":"passed","title":"returns 401 for ?mine=true when unauthenticated"},{"ancestorTitles":["GET /api/recipes"],"duration":4,"failureDetails":[],"failureMessages":[],"fullName":"GET /api/recipes filters by userId without visibility filter for ?mine=true","invocations":1,"location":null,"numPassingAsserts":4,"retryReasons":[],"status":"passed","title":"filters by userId without visibility filter for ?mine=true"},{"ancestorTitles":["GET /api/recipes"],"duration":47,"failureDetails":[],"failureMessages":[],"fullName":"GET /api/recipes returns 500 on internal server error","invocations":1,"location":null,"numPassingAsserts":2,"retryReasons":[],"status":"passed","title":"returns 500 on internal server error"}],"endTime":1788181783341,"message":"","name":"D:\\y31\\Kinyark\\kinyark-ingredients-1\\tests\\recipes.route.test.ts","startTime":1788181782662,"status":"passed","summary":""},{"assertionResults":[{"ancestorTitles":["GET /api/ingredients/[id]"],"duration":6,"failureDetails":[],"failureMessages":[],"fullName":"GET /api/ingredients/[id] returns ingredient by id","invocations":1,"location":null,"numPassingAsserts":2,"retryReasons":[],"status":"passed","title":"returns ingredient by id"},{"ancestorTitles":["GET /api/ingredients/[id]"],"duration":2,"failureDetails":[],"failureMessages":[],"fullName":"GET /api/ingredients/[id] returns 400 for invalid id","invocations":1,"location":null,"numPassingAsserts":1,"retryReasons":[],"status":"passed","title":"returns 400 for invalid id"},{"ancestorTitles":["GET /api/ingredients/[id]"],"duration":3,"failureDetails":[],"failureMessages":[],"fullName":"GET /api/ingredients/[id] returns 404 when ingredient missing","invocations":1,"location":null,"numPassingAsserts":1,"retryReasons":[],"status":"passed","title":"returns 404 when ingredient missing"},{"ancestorTitles":["PATCH /api/ingredients/[id]"],"duration":7,"failureDetails":[],"failureMessages":[],"fullName":"PATCH /api/ingredients/[id] updates ingredient name","invocations":1,"location":null,"numPassingAsserts":2,"retryReasons":[],"status":"passed","title":"updates ingredient name"},{"ancestorTitles":["PATCH /api/ingredients/[id]"],"duration":2,"failureDetails":[],"failureMessages":[],"fullName":"PATCH /api/ingredients/[id] links a new category by name","invocations":1,"location":null,"numPassingAsserts":1,"retryReasons":[],"status":"passed","title":"links a new category by name"},{"ancestorTitles":["PATCH /api/ingredients/[id]"],"duration":2,"failureDetails":[],"failureMessages":[],"fullName":"PATCH /api/ingredients/[id] returns 404 when ingredient missing","invocations":1,"location":null,"numPassingAsserts":1,"retryReasons":[],"status":"passed","title":"returns 404 when ingredient missing"},{"ancestorTitles":["PATCH /api/ingredients/[id]"],"duration":2,"failureDetails":[],"failureMessages":[],"fullName":"PATCH /api/ingredients/[id] returns 400 on empty body","invocations":1,"location":null,"numPassingAsserts":2,"retryReasons":[],"status":"passed","title":"returns 400 on empty body"},{"ancestorTitles":["DELETE /api/ingredients/[id]"],"duration":3,"failureDetails":[],"failureMessages":[],"fullName":"DELETE /api/ingredients/[id] deletes unused ingredient","invocations":1,"location":null,"numPassingAsserts":2,"retryReasons":[],"status":"passed","title":"deletes unused ingredient"},{"ancestorTitles":["DELETE /api/ingredients/[id]"],"duration":2,"failureDetails":[],"failureMessages":[],"fullName":"DELETE /api/ingredients/[id] returns 409 when ingredient is used in recipes","invocations":1,"location":null,"numPassingAsserts":2,"retryReasons":[],"status":"passed","title":"returns 409 when ingredient is used in recipes"},{"ancestorTitles":["DELETE /api/ingredients/[id]"],"duration":1,"failureDetails":[],"failureMessages":[],"fullName":"DELETE /api/ingredients/[id] returns 404 when ingredient missing","invocations":1,"location":null,"numPassingAsserts":1,"retryReasons":[],"status":"passed","title":"returns 404 when ingredient missing"}],"endTime":1788181783473,"message":"","name":"D:\\y31\\Kinyark\\kinyark-ingredients-1\\tests\\ingredients-id.route.test.ts","startTime":1788181782979,"status":"passed","summary":""},{"assertionResults":[{"ancestorTitles":["recipe.schema.ts"],"duration":10,"failureDetails":[],"failureMessages":[],"fullName":"recipe.schema.ts recipeName valid — accepts non-empty name","invocations":1,"location":null,"numPassingAsserts":1,"retryReasons":[],"status":"passed","title":"recipeName valid — accepts non-empty name"},{"ancestorTitles":["recipe.schema.ts"],"duration":2,"failureDetails":[],"failureMessages":[],"fullName":"recipe.schema.ts recipeName empty reject — rejects empty string","invocations":1,"location":null,"numPassingAsserts":1,"retryReasons":[],"status":"passed","title":"recipeName empty reject — rejects empty string"},{"ancestorTitles":["recipe.schema.ts"],"duration":1,"failureDetails":[],"failureMessages":[],"fullName":"recipe.schema.ts ingredients วางแล้ว reject — rejects empty array","invocations":1,"location":null,"numPassingAsserts":1,"retryReasons":[],"status":"passed","title":"ingredients วางแล้ว reject — rejects empty array"},{"ancestorTitles":["recipe.schema.ts"],"duration":2,"failureDetails":[],"failureMessages":[],"fullName":"recipe.schema.ts instructions valid — optional field passes when provided","invocations":1,"location":null,"numPassingAsserts":2,"retryReasons":[],"status":"passed","title":"instructions valid — optional field passes when provided"},{"ancestorTitles":["recipe.schema.ts"],"duration":4,"failureDetails":[],"failureMessages":[],"fullName":"recipe.schema.ts recipeName too long reject","invocations":1,"location":null,"numPassingAsserts":1,"retryReasons":[],"status":"passed","title":"recipeName too long reject"},{"ancestorTitles":["recipe.schema.ts"],"duration":2,"failureDetails":[],"failureMessages":[],"fullName":"recipe.schema.ts featuredImageUrl invalid URL reject","invocations":1,"location":null,"numPassingAsserts":1,"retryReasons":[],"status":"passed","title":"featuredImageUrl invalid URL reject"},{"ancestorTitles":["recipe.schema.ts"],"duration":1,"failureDetails":[],"failureMessages":[],"fullName":"recipe.schema.ts featuredImageUrl valid URL pass","invocations":1,"location":null,"numPassingAsserts":1,"retryReasons":[],"status":"passed","title":"featuredImageUrl valid URL pass"},{"ancestorTitles":["recipe.schema.ts"],"duration":2,"failureDetails":[],"failureMessages":[],"fullName":"recipe.schema.ts quantity must be positive","invocations":1,"location":null,"numPassingAsserts":1,"retryReasons":[],"status":"passed","title":"quantity must be positive"},{"ancestorTitles":["recipe.schema.ts"],"duration":5,"failureDetails":[],"failureMessages":[],"fullName":"recipe.schema.ts visibility enum invalid reject","invocations":1,"location":null,"numPassingAsserts":1,"retryReasons":[],"status":"passed","title":"visibility enum invalid reject"},{"ancestorTitles":["recipe.schema.ts"],"duration":3,"failureDetails":[],"failureMessages":[],"fullName":"recipe.schema.ts store requires non-empty storeName","invocations":1,"location":null,"numPassingAsserts":1,"retryReasons":[],"status":"passed","title":"store requires non-empty storeName"},{"ancestorTitles":["recipe.schema.ts"],"duration":2,"failureDetails":[],"failureMessages":[],"fullName":"recipe.schema.ts store sellingPrice cannot be negative","invocations":1,"location":null,"numPassingAsserts":1,"retryReasons":[],"status":"passed","title":"store sellingPrice cannot be negative"},{"ancestorTitles":["recipe.schema.ts"],"duration":3,"failureDetails":[],"failureMessages":[],"fullName":"recipe.schema.ts systemRecipeId invalid uuid reject","invocations":1,"location":null,"numPassingAsserts":1,"retryReasons":[],"status":"passed","title":"systemRecipeId invalid uuid reject"},{"ancestorTitles":["ingredient.schema.ts"],"duration":2,"failureDetails":[],"failureMessages":[],"fullName":"ingredient.schema.ts ingredientId valid — accepts positive integer","invocations":1,"location":null,"numPassingAsserts":1,"retryReasons":[],"status":"passed","title":"ingredientId valid — accepts positive integer"},{"ancestorTitles":["ingredient.schema.ts"],"duration":2,"failureDetails":[],"failureMessages":[],"fullName":"ingredient.schema.ts ingredientId negative reject — rejects negative number","invocations":1,"location":null,"numPassingAsserts":1,"retryReasons":[],"status":"passed","title":"ingredientId negative reject — rejects negative number"},{"ancestorTitles":["ingredient.schema.ts"],"duration":1,"failureDetails":[],"failureMessages":[],"fullName":"ingredient.schema.ts ingredientId string reject — rejects string value","invocations":1,"location":null,"numPassingAsserts":1,"retryReasons":[],"status":"passed","title":"ingredientId string reject — rejects string value"},{"ancestorTitles":["ingredient.schema.ts"],"duration":2,"failureDetails":[],"failureMessages":[],"fullName":"ingredient.schema.ts createIngredient requires name","invocations":1,"location":null,"numPassingAsserts":1,"retryReasons":[],"status":"passed","title":"createIngredient requires name"},{"ancestorTitles":["ingredient.schema.ts"],"duration":2,"failureDetails":[],"failureMessages":[],"fullName":"ingredient.schema.ts createIngredient rejects both category and categoryId","invocations":1,"location":null,"numPassingAsserts":1,"retryReasons":[],"status":"passed","title":"createIngredient rejects both category and categoryId"},{"ancestorTitles":["ingredient.schema.ts"],"duration":2,"failureDetails":[],"failureMessages":[],"fullName":"ingredient.schema.ts updateIngredient rejects empty body","invocations":1,"location":null,"numPassingAsserts":1,"retryReasons":[],"status":"passed","title":"updateIngredient rejects empty body"},{"ancestorTitles":["ingredient.schema.ts"],"duration":1,"failureDetails":[],"failureMessages":[],"fullName":"ingredient.schema.ts updateIngredient accepts a single field","invocations":1,"location":null,"numPassingAsserts":1,"retryReasons":[],"status":"passed","title":"updateIngredient accepts a single field"},{"ancestorTitles":["review.schema.ts"],"duration":1,"failureDetails":[],"failureMessages":[],"fullName":"review.schema.ts rating 1-5 ผ่าน — accepts rating of 3","invocations":1,"location":null,"numPassingAsserts":1,"retryReasons":[],"status":"passed","title":"rating 1-5 ผ่าน — accepts rating of 3"},{"ancestorTitles":["review.schema.ts"],"duration":1,"failureDetails":[],"failureMessages":[],"fullName":"review.schema.ts rating 0 reject — rejects rating below minimum","invocations":1,"location":null,"numPassingAsserts":1,"retryReasons":[],"status":"passed","title":"rating 0 reject — rejects rating below minimum"},{"ancestorTitles":["review.schema.ts"],"duration":1,"failureDetails":[],"failureMessages":[],"fullName":"review.schema.ts rating 6 reject — rejects rating above maximum","invocations":1,"location":null,"numPassingAsserts":1,"retryReasons":[],"status":"passed","title":"rating 6 reject — rejects rating above maximum"},{"ancestorTitles":["search.schema.ts"],"duration":2,"failureDetails":[],"failureMessages":[],"fullName":"search.schema.ts query valid — accepts valid search string","invocations":1,"location":null,"numPassingAsserts":1,"retryReasons":[],"status":"passed","title":"query valid — accepts valid search string"},{"ancestorTitles":["search.schema.ts"],"duration":1,"failureDetails":[],"failureMessages":[],"fullName":"search.schema.ts ingredientIds valid — accepts array of positive integers","invocations":1,"location":null,"numPassingAsserts":1,"retryReasons":[],"status":"passed","title":"ingredientIds valid — accepts array of positive integers"},{"ancestorTitles":["search.schema.ts"],"duration":1,"failureDetails":[],"failureMessages":[],"fullName":"search.schema.ts invalid array reject — rejects array with non-integer items","invocations":1,"location":null,"numPassingAsserts":1,"retryReasons":[],"status":"passed","title":"invalid array reject — rejects array with non-integer items"}],"endTime":1788181783476,"message":"","name":"D:\\y31\\Kinyark\\kinyark-ingredients-1\\tests\\validation.test.ts","startTime":1788181782476,"status":"passed","summary":""},{"assertionResults":[{"ancestorTitles":["logout api route"],"duration":7,"failureDetails":[],"failureMessages":[],"fullName":"logout api route successful logout (with active session)","invocations":1,"location":null,"numPassingAsserts":3,"retryReasons":[],"status":"passed","title":"successful logout (with active session)"},{"ancestorTitles":["logout api route"],"duration":2,"failureDetails":[],"failureMessages":[],"fullName":"logout api route logout with no active session","invocations":1,"location":null,"numPassingAsserts":3,"retryReasons":[],"status":"passed","title":"logout with no active session"}],"endTime":1788181783489,"message":"","name":"D:\\y31\\Kinyark\\kinyark-ingredients-1\\tests\\logout.test.ts","startTime":1788181782785,"status":"passed","summary":""},{"assertionResults":[{"ancestorTitles":["logout API route"],"duration":9,"failureDetails":[],"failureMessages":[],"fullName":"logout API route signs out and redirects to /login on successful logout","invocations":1,"location":null,"numPassingAsserts":3,"retryReasons":[],"status":"passed","title":"signs out and redirects to /login on successful logout"},{"ancestorTitles":["logout API route"],"duration":3,"failureDetails":[],"failureMessages":[],"fullName":"logout API route handles logout gracefully when no active session","invocations":1,"location":null,"numPassingAsserts":3,"retryReasons":[],"status":"passed","title":"handles logout gracefully when no active session"}],"endTime":1788181783575,"message":"","name":"D:\\y31\\Kinyark\\kinyark-ingredients-1\\tests\\logout.api.test.ts","startTime":1788181783110,"status":"passed","summary":""},{"assertionResults":[{"ancestorTitles":["PATCH /api/reviews/[id]"],"duration":6,"failureDetails":[],"failureMessages":[],"fullName":"PATCH /api/reviews/[id] returns 401 when unauthenticated","invocations":1,"location":null,"numPassingAsserts":2,"retryReasons":[],"status":"passed","title":"returns 401 when unauthenticated"},{"ancestorTitles":["PATCH /api/reviews/[id]"],"duration":2,"failureDetails":[],"failureMessages":[],"fullName":"PATCH /api/reviews/[id] returns 404 when review not found","invocations":1,"location":null,"numPassingAsserts":2,"retryReasons":[],"status":"passed","title":"returns 404 when review not found"},{"ancestorTitles":["PATCH /api/reviews/[id]"],"duration":2,"failureDetails":[],"failureMessages":[],"fullName":"PATCH /api/reviews/[id] returns 403 when user is not owner of review","invocations":1,"location":null,"numPassingAsserts":2,"retryReasons":[],"status":"passed","title":"returns 403 when user is not owner of review"},{"ancestorTitles":["PATCH /api/reviews/[id]"],"duration":7,"failureDetails":[],"failureMessages":[],"fullName":"PATCH /api/reviews/[id] updates review and average recipe rating with rounding","invocations":1,"location":null,"numPassingAsserts":4,"retryReasons":[],"status":"passed","title":"updates review and average recipe rating with rounding"},{"ancestorTitles":["DELETE /api/reviews/[id]"],"duration":4,"failureDetails":[],"failureMessages":[],"fullName":"DELETE /api/reviews/[id] deletes review, decrements count, and updates average rating in transaction","invocations":1,"location":null,"numPassingAsserts":5,"retryReasons":[],"status":"passed","title":"deletes review, decrements count, and updates average rating in transaction"}],"endTime":1788181783827,"message":"","name":"D:\\y31\\Kinyark\\kinyark-ingredients-1\\tests\\reviews-id.route.test.ts","startTime":1788181783364,"status":"passed","summary":""},{"assertionResults":[{"ancestorTitles":["GET /api/favorites"],"duration":7,"failureDetails":[],"failureMessages":[],"fullName":"GET /api/favorites returns 401 when unauthenticated","invocations":1,"location":null,"numPassingAsserts":3,"retryReasons":[],"status":"passed","title":"returns 401 when unauthenticated"},{"ancestorTitles":["GET /api/favorites"],"duration":6,"failureDetails":[],"failureMessages":[],"fullName":"GET /api/favorites returns favorites with recipe user, ingredients, images and rating","invocations":1,"location":null,"numPassingAsserts":6,"retryReasons":[],"status":"passed","title":"returns favorites with recipe user, ingredients, images and rating"},{"ancestorTitles":["GET /api/favorites"],"duration":9,"failureDetails":[],"failureMessages":[],"fullName":"GET /api/favorites GET status: returns 401 when unauthenticated","invocations":1,"location":null,"numPassingAsserts":2,"retryReasons":[],"status":"passed","title":"GET status: returns 401 when unauthenticated"},{"ancestorTitles":["GET /api/favorites"],"duration":11,"failureDetails":[],"failureMessages":[],"fullName":"GET /api/favorites GET status/count: returns 400 when params are invalid","invocations":1,"location":null,"numPassingAsserts":4,"retryReasons":[],"status":"passed","title":"GET status/count: returns 400 when params are invalid"},{"ancestorTitles":["GET /api/favorites"],"duration":4,"failureDetails":[],"failureMessages":[],"fullName":"GET /api/favorites GET status/count: returns 404 when recipe is not found","invocations":1,"location":null,"numPassingAsserts":2,"retryReasons":[],"status":"passed","title":"GET status/count: returns 404 when recipe is not found"},{"ancestorTitles":["GET /api/favorites"],"duration":11,"failureDetails":[],"failureMessages":[],"fullName":"GET /api/favorites GET status: returns true when already favorited","invocations":1,"location":null,"numPassingAsserts":2,"retryReasons":[],"status":"passed","title":"GET status: returns true when already favorited"},{"ancestorTitles":["GET /api/favorites"],"duration":9,"failureDetails":[],"failureMessages":[],"fullName":"GET /api/favorites GET status: returns false when not favorited","invocations":1,"location":null,"numPassingAsserts":2,"retryReasons":[],"status":"passed","title":"GET status: returns false when not favorited"},{"ancestorTitles":["GET /api/favorites"],"duration":5,"failureDetails":[],"failureMessages":[],"fullName":"GET /api/favorites GET count: returns count of favorites (public)","invocations":1,"location":null,"numPassingAsserts":2,"retryReasons":[],"status":"passed","title":"GET count: returns count of favorites (public)"},{"ancestorTitles":["POST /api/favorites"],"duration":3,"failureDetails":[],"failureMessages":[],"fullName":"POST /api/favorites returns 401 when unauthenticated","invocations":1,"location":null,"numPassingAsserts":2,"retryReasons":[],"status":"passed","title":"returns 401 when unauthenticated"},{"ancestorTitles":["POST /api/favorites"],"duration":5,"failureDetails":[],"failureMessages":[],"fullName":"POST /api/favorites returns 400 when recipeId is missing or not a valid UUID","invocations":1,"location":null,"numPassingAsserts":4,"retryReasons":[],"status":"passed","title":"returns 400 when recipeId is missing or not a valid UUID"},{"ancestorTitles":["POST /api/favorites"],"duration":3,"failureDetails":[],"failureMessages":[],"fullName":"POST /api/favorites returns 404 when recipe is not found","invocations":1,"location":null,"numPassingAsserts":3,"retryReasons":[],"status":"passed","title":"returns 404 when recipe is not found"},{"ancestorTitles":["POST /api/favorites"],"duration":4,"failureDetails":[],"failureMessages":[],"fullName":"POST /api/favorites creates favorite and increments count when not already favorited","invocations":1,"location":null,"numPassingAsserts":5,"retryReasons":[],"status":"passed","title":"creates favorite and increments count when not already favorited"},{"ancestorTitles":["POST /api/favorites"],"duration":7,"failureDetails":[],"failureMessages":[],"fullName":"POST /api/favorites deletes favorite and decrements count when already favorited","invocations":1,"location":null,"numPassingAsserts":4,"retryReasons":[],"status":"passed","title":"deletes favorite and decrements count when already favorited"},{"ancestorTitles":["POST /api/favorites"],"duration":5,"failureDetails":[],"failureMessages":[],"fullName":"POST /api/favorites toggles a recipe that already exists back to unfavorited","invocations":1,"location":null,"numPassingAsserts":4,"retryReasons":[],"status":"passed","title":"toggles a recipe that already exists back to unfavorited"}],"endTime":1788181783880,"message":"","name":"D:\\y31\\Kinyark\\kinyark-ingredients-1\\tests\\favorites.route.test.ts","startTime":1788181783348,"status":"passed","summary":""},{"assertionResults":[{"ancestorTitles":["registerSchema"],"duration":5,"failureDetails":[],"failureMessages":[],"fullName":"registerSchema accepts valid input with all fields","invocations":1,"location":null,"numPassingAsserts":4,"retryReasons":[],"status":"passed","title":"accepts valid input with all fields"},{"ancestorTitles":["registerSchema"],"duration":7,"failureDetails":[],"failureMessages":[],"fullName":"registerSchema accepts store role","invocations":1,"location":null,"numPassingAsserts":2,"retryReasons":[],"status":"passed","title":"accepts store role"},{"ancestorTitles":["registerSchema"],"duration":1,"failureDetails":[],"failureMessages":[],"fullName":"registerSchema rejects admin role","invocations":1,"location":null,"numPassingAsserts":1,"retryReasons":[],"status":"passed","title":"rejects admin role"},{"ancestorTitles":["registerSchema"],"duration":2,"failureDetails":[],"failureMessages":[],"fullName":"registerSchema rejects invalid email","invocations":1,"location":null,"numPassingAsserts":1,"retryReasons":[],"status":"passed","title":"rejects invalid email"},{"ancestorTitles":["registerSchema"],"duration":4,"failureDetails":[],"failureMessages":[],"fullName":"registerSchema rejects empty email","invocations":1,"location":null,"numPassingAsserts":1,"retryReasons":[],"status":"passed","title":"rejects empty email"},{"ancestorTitles":["registerSchema"],"duration":1,"failureDetails":[],"failureMessages":[],"fullName":"registerSchema rejects password shorter than 8 characters","invocations":1,"location":null,"numPassingAsserts":1,"retryReasons":[],"status":"passed","title":"rejects password shorter than 8 characters"},{"ancestorTitles":["registerSchema"],"duration":1,"failureDetails":[],"failureMessages":[],"fullName":"registerSchema rejects password without uppercase letter","invocations":1,"location":null,"numPassingAsserts":1,"retryReasons":[],"status":"passed","title":"rejects password without uppercase letter"},{"ancestorTitles":["registerSchema"],"duration":1,"failureDetails":[],"failureMessages":[],"fullName":"registerSchema rejects password without lowercase letter","invocations":1,"location":null,"numPassingAsserts":1,"retryReasons":[],"status":"passed","title":"rejects password without lowercase letter"},{"ancestorTitles":["registerSchema"],"duration":2,"failureDetails":[],"failureMessages":[],"fullName":"registerSchema rejects password without number","invocations":1,"location":null,"numPassingAsserts":1,"retryReasons":[],"status":"passed","title":"rejects password without number"},{"ancestorTitles":["registerSchema"],"duration":2,"failureDetails":[],"failureMessages":[],"fullName":"registerSchema rejects password without special character","invocations":1,"location":null,"numPassingAsserts":1,"retryReasons":[],"status":"passed","title":"rejects password without special character"},{"ancestorTitles":["registerSchema"],"duration":1,"failureDetails":[],"failureMessages":[],"fullName":"registerSchema rejects username shorter than 2 characters","invocations":1,"location":null,"numPassingAsserts":1,"retryReasons":[],"status":"passed","title":"rejects username shorter than 2 characters"},{"ancestorTitles":["registerSchema"],"duration":0,"failureDetails":[],"failureMessages":[],"fullName":"registerSchema rejects username longer than 30 characters","invocations":1,"location":null,"numPassingAsserts":1,"retryReasons":[],"status":"passed","title":"rejects username longer than 30 characters"},{"ancestorTitles":["registerSchema"],"duration":1,"failureDetails":[],"failureMessages":[],"fullName":"registerSchema defaults role to 'user' when omitted","invocations":1,"location":null,"numPassingAsserts":2,"retryReasons":[],"status":"passed","title":"defaults role to 'user' when omitted"},{"ancestorTitles":["registerSchema"],"duration":1,"failureDetails":[],"failureMessages":[],"fullName":"registerSchema rejects invalid role value","invocations":1,"location":null,"numPassingAsserts":1,"retryReasons":[],"status":"passed","title":"rejects invalid role value"},{"ancestorTitles":["register — duplicate detection logic"],"duration":2,"failureDetails":[],"failureMessages":[],"fullName":"register — duplicate detection logic returns null when email and username are available","invocations":1,"location":null,"numPassingAsserts":1,"retryReasons":[],"status":"passed","title":"returns null when email and username are available"},{"ancestorTitles":["register — duplicate detection logic"],"duration":13,"failureDetails":[],"failureMessages":[],"fullName":"register — duplicate detection logic returns error when email is taken","invocations":1,"location":null,"numPassingAsserts":1,"retryReasons":[],"status":"passed","title":"returns error when email is taken"},{"ancestorTitles":["register — duplicate detection logic"],"duration":2,"failureDetails":[],"failureMessages":[],"fullName":"register — duplicate detection logic returns error when username is taken","invocations":1,"location":null,"numPassingAsserts":1,"retryReasons":[],"status":"passed","title":"returns error when username is taken"},{"ancestorTitles":["register — role mapping"],"duration":1,"failureDetails":[],"failureMessages":[],"fullName":"register — role mapping maps undefined role to 'USER'","invocations":1,"location":null,"numPassingAsserts":1,"retryReasons":[],"status":"passed","title":"maps undefined role to 'USER'"},{"ancestorTitles":["register — role mapping"],"duration":3,"failureDetails":[],"failureMessages":[],"fullName":"register — role mapping maps 'store' role to 'STORE'","invocations":1,"location":null,"numPassingAsserts":1,"retryReasons":[],"status":"passed","title":"maps 'store' role to 'STORE'"},{"ancestorTitles":["register — role mapping"],"duration":1,"failureDetails":[],"failureMessages":[],"fullName":"register — role mapping maps any other value to 'USER'","invocations":1,"location":null,"numPassingAsserts":2,"retryReasons":[],"status":"passed","title":"maps any other value to 'USER'"}],"endTime":1788181784026,"message":"","name":"D:\\y31\\Kinyark\\kinyark-ingredients-1\\tests\\register.test.ts","startTime":1788181783494,"status":"passed","summary":""},{"assertionResults":[{"ancestorTitles":["POST /api/reviews"],"duration":6,"failureDetails":[],"failureMessages":[],"fullName":"POST /api/reviews returns 401 when unauthenticated","invocations":1,"location":null,"numPassingAsserts":2,"retryReasons":[],"status":"passed","title":"returns 401 when unauthenticated"},{"ancestorTitles":["POST /api/reviews"],"duration":8,"failureDetails":[],"failureMessages":[],"fullName":"POST /api/reviews returns 400 when rating is out of bounds (1-5)","invocations":1,"location":null,"numPassingAsserts":2,"retryReasons":[],"status":"passed","title":"returns 400 when rating is out of bounds (1-5)"},{"ancestorTitles":["POST /api/reviews"],"duration":2,"failureDetails":[],"failureMessages":[],"fullName":"POST /api/reviews returns 404 when recipe is not found","invocations":1,"location":null,"numPassingAsserts":2,"retryReasons":[],"status":"passed","title":"returns 404 when recipe is not found"},{"ancestorTitles":["POST /api/reviews"],"duration":3,"failureDetails":[],"failureMessages":[],"fullName":"POST /api/reviews returns 409 when user attempts a duplicate review","invocations":1,"location":null,"numPassingAsserts":2,"retryReasons":[],"status":"passed","title":"returns 409 when user attempts a duplicate review"},{"ancestorTitles":["POST /api/reviews"],"duration":7,"failureDetails":[],"failureMessages":[],"fullName":"POST /api/reviews creates review and updates recipe rating/count in transaction","invocations":1,"location":null,"numPassingAsserts":6,"retryReasons":[],"status":"passed","title":"creates review and updates recipe rating/count in transaction"}],"endTime":1788181784035,"message":"","name":"D:\\y31\\Kinyark\\kinyark-ingredients-1\\tests\\reviews.route.test.ts","startTime":1788181783508,"status":"passed","summary":""},{"assertionResults":[{"ancestorTitles":["GET /api/auth/me"],"duration":10,"failureDetails":[],"failureMessages":[],"fullName":"GET /api/auth/me returns 200 with user profile when authenticated","invocations":1,"location":null,"numPassingAsserts":2,"retryReasons":[],"status":"passed","title":"returns 200 with user profile when authenticated"},{"ancestorTitles":["GET /api/auth/me"],"duration":2,"failureDetails":[],"failureMessages":[],"fullName":"GET /api/auth/me does not leak password or sensitive fields","invocations":1,"location":null,"numPassingAsserts":2,"retryReasons":[],"status":"passed","title":"does not leak password or sensitive fields"},{"ancestorTitles":["GET /api/auth/me"],"duration":2,"failureDetails":[],"failureMessages":[],"fullName":"GET /api/auth/me returns 401 when not authenticated","invocations":1,"location":null,"numPassingAsserts":2,"retryReasons":[],"status":"passed","title":"returns 401 when not authenticated"},{"ancestorTitles":["GET /api/auth/me"],"duration":3,"failureDetails":[],"failureMessages":[],"fullName":"GET /api/auth/me returns 401 when getUser returns an error but no user","invocations":1,"location":null,"numPassingAsserts":2,"retryReasons":[],"status":"passed","title":"returns 401 when getUser returns an error but no user"},{"ancestorTitles":["GET /api/auth/me"],"duration":1,"failureDetails":[],"failureMessages":[],"fullName":"GET /api/auth/me returns 404 when DB record is missing","invocations":1,"location":null,"numPassingAsserts":2,"retryReasons":[],"status":"passed","title":"returns 404 when DB record is missing"},{"ancestorTitles":["GET /api/auth/me"],"duration":42,"failureDetails":[],"failureMessages":[],"fullName":"GET /api/auth/me returns 500 on internal server error","invocations":1,"location":null,"numPassingAsserts":2,"retryReasons":[],"status":"passed","title":"returns 500 on internal server error"},{"ancestorTitles":["GET /api/auth/me"],"duration":1,"failureDetails":[],"failureMessages":[],"fullName":"GET /api/auth/me passes AUTH_PROFILE_SELECT through to Prisma","invocations":1,"location":null,"numPassingAsserts":1,"retryReasons":[],"status":"passed","title":"passes AUTH_PROFILE_SELECT through to Prisma"}],"endTime":1788181784043,"message":"","name":"D:\\y31\\Kinyark\\kinyark-ingredients-1\\tests\\auth-me.route.test.ts","startTime":1788181783594,"status":"passed","summary":""},{"assertionResults":[{"ancestorTitles":["signup server action"],"duration":20,"failureDetails":[],"failureMessages":[],"fullName":"signup server action returns validation error for missing email","invocations":1,"location":null,"numPassingAsserts":2,"retryReasons":[],"status":"passed","title":"returns validation error for missing email"},{"ancestorTitles":["signup server action"],"duration":2,"failureDetails":[],"failureMessages":[],"fullName":"signup server action returns validation error for weak password","invocations":1,"location":null,"numPassingAsserts":2,"retryReasons":[],"status":"passed","title":"returns validation error for weak password"},{"ancestorTitles":["signup server action"],"duration":4,"failureDetails":[],"failureMessages":[],"fullName":"signup server action returns duplicate email error when email exists","invocations":1,"location":null,"numPassingAsserts":2,"retryReasons":[],"status":"passed","title":"returns duplicate email error when email exists"},{"ancestorTitles":["signup server action"],"duration":2,"failureDetails":[],"failureMessages":[],"fullName":"signup server action returns duplicate username error when username exists","invocations":1,"location":null,"numPassingAsserts":2,"retryReasons":[],"status":"passed","title":"returns duplicate username error when username exists"},{"ancestorTitles":["signup server action"],"duration":11,"failureDetails":[],"failureMessages":[],"fullName":"signup server action returns success when registration is valid","invocations":1,"location":null,"numPassingAsserts":2,"retryReasons":[],"status":"passed","title":"returns success when registration is valid"},{"ancestorTitles":["signup server action"],"duration":1,"failureDetails":[],"failureMessages":[],"fullName":"signup server action creates user with STORE role when role is store","invocations":1,"location":null,"numPassingAsserts":2,"retryReasons":[],"status":"passed","title":"creates user with STORE role when role is store"},{"ancestorTitles":["signup server action"],"duration":1,"failureDetails":[],"failureMessages":[],"fullName":"signup server action handles Supabase signup failure","invocations":1,"location":null,"numPassingAsserts":2,"retryReasons":[],"status":"passed","title":"handles Supabase signup failure"},{"ancestorTitles":["signup server action"],"duration":11,"failureDetails":[],"failureMessages":[],"fullName":"signup server action handles Prisma create failure after Supabase signup","invocations":1,"location":null,"numPassingAsserts":2,"retryReasons":[],"status":"passed","title":"handles Prisma create failure after Supabase signup"}],"endTime":1788181784086,"message":"","name":"D:\\y31\\Kinyark\\kinyark-ingredients-1\\tests\\register.api.test.ts","startTime":1788181783488,"status":"passed","summary":""},{"assertionResults":[{"ancestorTitles":["throttle — min-interval rate limiter"],"duration":8,"failureDetails":[],"failureMessages":[],"fullName":"throttle — min-interval rate limiter allows the first call for a key","invocations":1,"location":null,"numPassingAsserts":1,"retryReasons":[],"status":"passed","title":"allows the first call for a key"},{"ancestorTitles":["throttle — min-interval rate limiter"],"duration":4,"failureDetails":[],"failureMessages":[],"fullName":"throttle — min-interval rate limiter blocks a second call within the interval","invocations":1,"location":null,"numPassingAsserts":3,"retryReasons":[],"status":"passed","title":"blocks a second call within the interval"},{"ancestorTitles":["throttle — min-interval rate limiter"],"duration":18,"failureDetails":[],"failureMessages":[],"fullName":"throttle — min-interval rate limiter allows again after the interval elapses","invocations":1,"location":null,"numPassingAsserts":1,"retryReasons":[],"status":"passed","title":"allows again after the interval elapses"},{"ancestorTitles":["throttle — min-interval rate limiter"],"duration":1,"failureDetails":[],"failureMessages":[],"fullName":"throttle — min-interval rate limiter tracks each key separately","invocations":1,"location":null,"numPassingAsserts":1,"retryReasons":[],"status":"passed","title":"tracks each key separately"},{"ancestorTitles":["throttle — min-interval rate limiter"],"duration":0,"failureDetails":[],"failureMessages":[],"fullName":"throttle — min-interval rate limiter favorite toggle cooldown is 2 seconds","invocations":1,"location":null,"numPassingAsserts":1,"retryReasons":[],"status":"passed","title":"favorite toggle cooldown is 2 seconds"}],"endTime":1788181784421,"message":"","name":"D:\\y31\\Kinyark\\kinyark-ingredients-1\\tests\\rate-limit.test.ts","startTime":1788181784065,"status":"passed","summary":""},{"assertionResults":[{"ancestorTitles":["auth.schema.ts","registerSchema"],"duration":4,"failureDetails":[],"failureMessages":[],"fullName":"auth.schema.ts registerSchema valid registration data","invocations":1,"location":null,"numPassingAsserts":1,"retryReasons":[],"status":"passed","title":"valid registration data"},{"ancestorTitles":["auth.schema.ts","registerSchema"],"duration":3,"failureDetails":[],"failureMessages":[],"fullName":"auth.schema.ts registerSchema rejects invalid email format","invocations":1,"location":null,"numPassingAsserts":2,"retryReasons":[],"status":"passed","title":"rejects invalid email format"},{"ancestorTitles":["auth.schema.ts","registerSchema"],"duration":15,"failureDetails":[],"failureMessages":[],"fullName":"auth.schema.ts registerSchema rejects short password","invocations":1,"location":null,"numPassingAsserts":2,"retryReasons":[],"status":"passed","title":"rejects short password"},{"ancestorTitles":["auth.schema.ts","registerSchema"],"duration":3,"failureDetails":[],"failureMessages":[],"fullName":"auth.schema.ts registerSchema rejects password without uppercase","invocations":1,"location":null,"numPassingAsserts":1,"retryReasons":[],"status":"passed","title":"rejects password without uppercase"},{"ancestorTitles":["auth.schema.ts","registerSchema"],"duration":2,"failureDetails":[],"failureMessages":[],"fullName":"auth.schema.ts registerSchema rejects password without lowercase","invocations":1,"location":null,"numPassingAsserts":1,"retryReasons":[],"status":"passed","title":"rejects password without lowercase"},{"ancestorTitles":["auth.schema.ts","registerSchema"],"duration":1,"failureDetails":[],"failureMessages":[],"fullName":"auth.schema.ts registerSchema rejects password without number","invocations":1,"location":null,"numPassingAsserts":1,"retryReasons":[],"status":"passed","title":"rejects password without number"},{"ancestorTitles":["auth.schema.ts","registerSchema"],"duration":1,"failureDetails":[],"failureMessages":[],"fullName":"auth.schema.ts registerSchema rejects password without special character","invocations":1,"location":null,"numPassingAsserts":1,"retryReasons":[],"status":"passed","title":"rejects password without special character"},{"ancestorTitles":["auth.schema.ts","loginSchema"],"duration":1,"failureDetails":[],"failureMessages":[],"fullName":"auth.schema.ts loginSchema valid login data","invocations":1,"location":null,"numPassingAsserts":1,"retryReasons":[],"status":"passed","title":"valid login data"},{"ancestorTitles":["auth.schema.ts","loginSchema"],"duration":1,"failureDetails":[],"failureMessages":[],"fullName":"auth.schema.ts loginSchema rejects empty email","invocations":1,"location":null,"numPassingAsserts":1,"retryReasons":[],"status":"passed","title":"rejects empty email"},{"ancestorTitles":["auth.schema.ts","loginSchema"],"duration":1,"failureDetails":[],"failureMessages":[],"fullName":"auth.schema.ts loginSchema rejects empty password","invocations":1,"location":null,"numPassingAsserts":1,"retryReasons":[],"status":"passed","title":"rejects empty password"}],"endTime":1788181784481,"message":"","name":"D:\\y31\\Kinyark\\kinyark-ingredients-1\\tests\\auth.schema.test.ts","startTime":1788181783858,"status":"passed","summary":""},{"assertionResults":[{"ancestorTitles":["login server action"],"duration":9,"failureDetails":[],"failureMessages":[],"fullName":"login server action failed login: missing fields","invocations":1,"location":null,"numPassingAsserts":1,"retryReasons":[],"status":"passed","title":"failed login: missing fields"},{"ancestorTitles":["login server action"],"duration":9,"failureDetails":[],"failureMessages":[],"fullName":"login server action failed login: no such user (username lookup fails)","invocations":1,"location":null,"numPassingAsserts":2,"retryReasons":[],"status":"passed","title":"failed login: no such user (username lookup fails)"},{"ancestorTitles":["login server action"],"duration":1,"failureDetails":[],"failureMessages":[],"fullName":"login server action failed login: bad credentials","invocations":1,"location":null,"numPassingAsserts":2,"retryReasons":[],"status":"passed","title":"failed login: bad credentials"},{"ancestorTitles":["login server action"],"duration":4,"failureDetails":[],"failureMessages":[],"fullName":"login server action successful login (with email)","invocations":1,"location":null,"numPassingAsserts":3,"retryReasons":[],"status":"passed","title":"successful login (with email)"},{"ancestorTitles":["login server action"],"duration":4,"failureDetails":[],"failureMessages":[],"fullName":"login server action successful login (with username)","invocations":1,"location":null,"numPassingAsserts":4,"retryReasons":[],"status":"passed","title":"successful login (with username)"}],"endTime":1788181784528,"message":"","name":"D:\\y31\\Kinyark\\kinyark-ingredients-1\\tests\\login.test.ts","startTime":1788181783921,"status":"passed","summary":""},{"assertionResults":[{"ancestorTitles":["GET /api/search visibility filtering"],"duration":12,"failureDetails":[],"failureMessages":[],"fullName":"GET /api/search visibility filtering excludes draft and protected for STORE users in ingredient search","invocations":1,"location":null,"numPassingAsserts":1,"retryReasons":[],"status":"passed","title":"excludes draft and protected for STORE users in ingredient search"},{"ancestorTitles":["GET /api/search visibility filtering"],"duration":2,"failureDetails":[],"failureMessages":[],"fullName":"GET /api/search visibility filtering includes protected for USER role in ingredient search","invocations":1,"location":null,"numPassingAsserts":1,"retryReasons":[],"status":"passed","title":"includes protected for USER role in ingredient search"}],"endTime":1788181784530,"message":"","name":"D:\\y31\\Kinyark\\kinyark-ingredients-1\\tests\\search.route.test.ts","startTime":1788181784103,"status":"passed","summary":""},{"assertionResults":[{"ancestorTitles":["GET /api/recipes/featured"],"duration":17,"failureDetails":[],"failureMessages":[],"fullName":"GET /api/recipes/featured returns the top public recipe for anonymous user without writing cursor","invocations":1,"location":null,"numPassingAsserts":5,"retryReasons":[],"status":"passed","title":"returns the top public recipe for anonymous user without writing cursor"},{"ancestorTitles":["GET /api/recipes/featured"],"duration":2,"failureDetails":[],"failureMessages":[],"fullName":"GET /api/recipes/featured queries only public recipes for anonymous user","invocations":1,"location":null,"numPassingAsserts":1,"retryReasons":[],"status":"passed","title":"queries only public recipes for anonymous user"},{"ancestorTitles":["GET /api/recipes/featured"],"duration":7,"failureDetails":[],"failureMessages":[],"fullName":"GET /api/recipes/featured returns exactly 1 recipe for logged-in user without signals (rating fallback)","invocations":1,"location":null,"numPassingAsserts":3,"retryReasons":[],"status":"passed","title":"returns exactly 1 recipe for logged-in user without signals (rating fallback)"},{"ancestorTitles":["GET /api/recipes/featured"],"duration":2,"failureDetails":[],"failureMessages":[],"fullName":"GET /api/recipes/featured creates a SearchHistory cursor record for logged-in user","invocations":1,"location":null,"numPassingAsserts":2,"retryReasons":[],"status":"passed","title":"creates a SearchHistory cursor record for logged-in user"},{"ancestorTitles":["GET /api/recipes/featured"],"duration":3,"failureDetails":[],"failureMessages":[],"fullName":"GET /api/recipes/featured updates existing SearchHistory cursor for logged-in user when window changed","invocations":1,"location":null,"numPassingAsserts":2,"retryReasons":[],"status":"passed","title":"updates existing SearchHistory cursor for logged-in user when window changed"},{"ancestorTitles":["GET /api/recipes/featured"],"duration":3,"failureDetails":[],"failureMessages":[],"fullName":"GET /api/recipes/featured reuses cached recommendation when window matches (no recompute)","invocations":1,"location":null,"numPassingAsserts":5,"retryReasons":[],"status":"passed","title":"reuses cached recommendation when window matches (no recompute)"},{"ancestorTitles":["GET /api/recipes/featured"],"duration":12,"failureDetails":[],"failureMessages":[],"fullName":"GET /api/recipes/featured tier 1: recommends recipe whose name matches a recent search, ranked by rating then favorites","invocations":1,"location":null,"numPassingAsserts":4,"retryReasons":[],"status":"passed","title":"tier 1: recommends recipe whose name matches a recent search, ranked by rating then favorites"},{"ancestorTitles":["GET /api/recipes/featured"],"duration":4,"failureDetails":[],"failureMessages":[],"fullName":"GET /api/recipes/featured tier 2: falls back to ingredient overlap with favorited recipes when no search match","invocations":1,"location":null,"numPassingAsserts":4,"retryReasons":[],"status":"passed","title":"tier 2: falls back to ingredient overlap with favorited recipes when no search match"},{"ancestorTitles":["GET /api/recipes/featured"],"duration":78,"failureDetails":[],"failureMessages":[],"fullName":"GET /api/recipes/featured returns 500 on internal server error","invocations":1,"location":null,"numPassingAsserts":2,"retryReasons":[],"status":"passed","title":"returns 500 on internal server error"}],"endTime":1788181784547,"message":"","name":"D:\\y31\\Kinyark\\kinyark-ingredients-1\\tests\\recipes-featured.route.test.ts","startTime":1788181784066,"status":"passed","summary":""},{"assertionResults":[{"ancestorTitles":["login server action"],"duration":5,"failureDetails":[],"failureMessages":[],"fullName":"login server action returns validation error for empty email","invocations":1,"location":null,"numPassingAsserts":1,"retryReasons":[],"status":"passed","title":"returns validation error for empty email"},{"ancestorTitles":["login server action"],"duration":1,"failureDetails":[],"failureMessages":[],"fullName":"login server action returns validation error for empty password","invocations":1,"location":null,"numPassingAsserts":1,"retryReasons":[],"status":"passed","title":"returns validation error for empty password"},{"ancestorTitles":["login server action"],"duration":2,"failureDetails":[],"failureMessages":[],"fullName":"login server action returns error when username is not found","invocations":1,"location":null,"numPassingAsserts":1,"retryReasons":[],"status":"passed","title":"returns error when username is not found"},{"ancestorTitles":["login server action"],"duration":2,"failureDetails":[],"failureMessages":[],"fullName":"login server action returns translated error on invalid credentials","invocations":1,"location":null,"numPassingAsserts":2,"retryReasons":[],"status":"passed","title":"returns translated error on invalid credentials"},{"ancestorTitles":["login server action"],"duration":1,"failureDetails":[],"failureMessages":[],"fullName":"login server action returns raw error message on unexpected Supabase error","invocations":1,"location":null,"numPassingAsserts":1,"retryReasons":[],"status":"passed","title":"returns raw error message on unexpected Supabase error"},{"ancestorTitles":["login server action"],"duration":4,"failureDetails":[],"failureMessages":[],"fullName":"login server action redirects to /home on successful login with email","invocations":1,"location":null,"numPassingAsserts":3,"retryReasons":[],"status":"passed","title":"redirects to /home on successful login with email"},{"ancestorTitles":["login server action"],"duration":2,"failureDetails":[],"failureMessages":[],"fullName":"login server action redirects to /home on successful login with username","invocations":1,"location":null,"numPassingAsserts":4,"retryReasons":[],"status":"passed","title":"redirects to /home on successful login with username"}],"endTime":1788181784634,"message":"","name":"D:\\y31\\Kinyark\\kinyark-ingredients-1\\tests\\login.api.test.ts","startTime":1788181784053,"status":"passed","summary":""},{"assertionResults":[{"ancestorTitles":["recipeService"],"duration":null,"failureDetails":[],"failureMessages":[],"fullName":"recipeService createRecipe() — creates a recipe and returns the created record","invocations":1,"location":null,"numPassingAsserts":0,"retryReasons":[],"status":"todo","title":"createRecipe() — creates a recipe and returns the created record"},{"ancestorTitles":["recipeService"],"duration":null,"failureDetails":[],"failureMessages":[],"fullName":"recipeService getRecipeById() — returns a recipe with ingredients and reviews","invocations":1,"location":null,"numPassingAsserts":0,"retryReasons":[],"status":"todo","title":"getRecipeById() — returns a recipe with ingredients and reviews"},{"ancestorTitles":["recipeService"],"duration":null,"failureDetails":[],"failureMessages":[],"fullName":"recipeService getRecipes() — returns paginated recipe feed","invocations":1,"location":null,"numPassingAsserts":0,"retryReasons":[],"status":"todo","title":"getRecipes() — returns paginated recipe feed"},{"ancestorTitles":["recipeService"],"duration":null,"failureDetails":[],"failureMessages":[],"fullName":"recipeService updateRecipe() — updates recipe data and enforces owner check","invocations":1,"location":null,"numPassingAsserts":0,"retryReasons":[],"status":"todo","title":"updateRecipe() — updates recipe data and enforces owner check"},{"ancestorTitles":["recipeService"],"duration":null,"failureDetails":[],"failureMessages":[],"fullName":"recipeService deleteRecipe() — deletes recipe and enforces owner check","invocations":1,"location":null,"numPassingAsserts":0,"retryReasons":[],"status":"todo","title":"deleteRecipe() — deletes recipe and enforces owner check"},{"ancestorTitles":["reviewService"],"duration":null,"failureDetails":[],"failureMessages":[],"fullName":"reviewService addReview() — adds a review to a recipe","invocations":1,"location":null,"numPassingAsserts":0,"retryReasons":[],"status":"todo","title":"addReview() — adds a review to a recipe"},{"ancestorTitles":["reviewService"],"duration":null,"failureDetails":[],"failureMessages":[],"fullName":"reviewService duplicate review blocked — throws if user already reviewed this recipe","invocations":1,"location":null,"numPassingAsserts":0,"retryReasons":[],"status":"todo","title":"duplicate review blocked — throws if user already reviewed this recipe"},{"ancestorTitles":["reviewService"],"duration":null,"failureDetails":[],"failureMessages":[],"fullName":"reviewService rating recalculated — updates recipe.rating after new review","invocations":1,"location":null,"numPassingAsserts":0,"retryReasons":[],"status":"todo","title":"rating recalculated — updates recipe.rating after new review"},{"ancestorTitles":["favoriteService"],"duration":null,"failureDetails":[],"failureMessages":[],"fullName":"favoriteService add favorite — saves a recipe to user favorites","invocations":1,"location":null,"numPassingAsserts":0,"retryReasons":[],"status":"todo","title":"add favorite — saves a recipe to user favorites"},{"ancestorTitles":["favoriteService"],"duration":null,"failureDetails":[],"failureMessages":[],"fullName":"favoriteService remove favorite — removes a recipe from user favorites","invocations":1,"location":null,"numPassingAsserts":0,"retryReasons":[],"status":"todo","title":"remove favorite — removes a recipe from user favorites"},{"ancestorTitles":["favoriteService"],"duration":null,"failureDetails":[],"failureMessages":[],"fullName":"favoriteService get favorites — returns user's favorite recipes list","invocations":1,"location":null,"numPassingAsserts":0,"retryReasons":[],"status":"todo","title":"get favorites — returns user's favorite recipes list"},{"ancestorTitles":["userService"],"duration":null,"failureDetails":[],"failureMessages":[],"fullName":"userService get profile — returns user profile by userId","invocations":1,"location":null,"numPassingAsserts":0,"retryReasons":[],"status":"todo","title":"get profile — returns user profile by userId"},{"ancestorTitles":["userService"],"duration":null,"failureDetails":[],"failureMessages":[],"fullName":"userService update profile — updates username or avatar_url","invocations":1,"location":null,"numPassingAsserts":0,"retryReasons":[],"status":"todo","title":"update profile — updates username or avatar_url"},{"ancestorTitles":["userService"],"duration":null,"failureDetails":[],"failureMessages":[],"fullName":"userService delete account — removes user and cascades all related data","invocations":1,"location":null,"numPassingAsserts":0,"retryReasons":[],"status":"todo","title":"delete account — removes user and cascades all related data"},{"ancestorTitles":["searchService"],"duration":null,"failureDetails":[],"failureMessages":[],"fullName":"searchService searchByQuery() — returns recipes matching a text query","invocations":1,"location":null,"numPassingAsserts":0,"retryReasons":[],"status":"todo","title":"searchByQuery() — returns recipes matching a text query"},{"ancestorTitles":["searchService"],"duration":null,"failureDetails":[],"failureMessages":[],"fullName":"searchService searchByIngredients() — returns recipes matching ingredient IDs","invocations":1,"location":null,"numPassingAsserts":0,"retryReasons":[],"status":"todo","title":"searchByIngredients() — returns recipes matching ingredient IDs"},{"ancestorTitles":["searchService"],"duration":null,"failureDetails":[],"failureMessages":[],"fullName":"searchService saveSearchHistory() — persists search query for a user","invocations":1,"location":null,"numPassingAsserts":0,"retryReasons":[],"status":"todo","title":"saveSearchHistory() — persists search query for a user"},{"ancestorTitles":["searchService"],"duration":null,"failureDetails":[],"failureMessages":[],"fullName":"searchService getSearchHistory() — returns saved search history for a user","invocations":1,"location":null,"numPassingAsserts":0,"retryReasons":[],"status":"todo","title":"getSearchHistory() — returns saved search history for a user"},{"ancestorTitles":["searchService"],"duration":null,"failureDetails":[],"failureMessages":[],"fullName":"searchService deleteSearchHistory() — deletes a specific history entry","invocations":1,"location":null,"numPassingAsserts":0,"retryReasons":[],"status":"todo","title":"deleteSearchHistory() — deletes a specific history entry"}],"endTime":1788181784764,"message":"","name":"D:\\y31\\Kinyark\\kinyark-ingredients-1\\tests\\services.test.ts","startTime":1788181784469,"status":"passed","summary":""},{"assertionResults":[{"ancestorTitles":["POST /api/users/me/avatar"],"duration":2,"failureDetails":[],"failureMessages":[],"fullName":"POST /api/users/me/avatar placeholder test to pass suite","invocations":1,"location":null,"numPassingAsserts":1,"retryReasons":[],"status":"passed","title":"placeholder test to pass suite"}],"endTime":1788181784789,"message":"","name":"D:\\y31\\Kinyark\\kinyark-ingredients-1\\tests\\users-me-avatar.route.test.ts","startTime":1788181784501,"status":"passed","summary":""},{"assertionResults":[{"ancestorTitles":["AuthContext — 3 scenarios after fix"],"duration":132,"failureDetails":[],"failureMessages":[],"fullName":"AuthContext — 3 scenarios after fix Scenario 1: session persists after page refresh (onAuthStateChange fires with session)","invocations":1,"location":null,"numPassingAsserts":3,"retryReasons":[],"status":"passed","title":"Scenario 1: session persists after page refresh (onAuthStateChange fires with session)"},{"ancestorTitles":["AuthContext — 3 scenarios after fix"],"duration":21,"failureDetails":[],"failureMessages":[],"fullName":"AuthContext — 3 scenarios after fix Scenario 2: logout in one tab updates auth state via onAuthStateChange callback","invocations":1,"location":null,"numPassingAsserts":4,"retryReasons":[],"status":"passed","title":"Scenario 2: logout in one tab updates auth state via onAuthStateChange callback"},{"ancestorTitles":["AuthContext — 3 scenarios after fix"],"duration":11,"failureDetails":[],"failureMessages":[],"fullName":"AuthContext — 3 scenarios after fix Scenario 3: no race condition — onAuthStateChange fires synchronously before first render completes","invocations":1,"location":null,"numPassingAsserts":1,"retryReasons":[],"status":"passed","title":"Scenario 3: no race condition — onAuthStateChange fires synchronously before first render completes"},{"ancestorTitles":["AuthContext — 3 scenarios after fix"],"duration":22,"failureDetails":[],"failureMessages":[],"fullName":"AuthContext — 3 scenarios after fix no session on first load — status is unauthenticated","invocations":1,"location":null,"numPassingAsserts":3,"retryReasons":[],"status":"passed","title":"no session on first load — status is unauthenticated"},{"ancestorTitles":["AuthContext — 3 scenarios after fix"],"duration":14,"failureDetails":[],"failureMessages":[],"fullName":"AuthContext — 3 scenarios after fix unsubscribe on unmount — no memory leak","invocations":1,"location":null,"numPassingAsserts":2,"retryReasons":[],"status":"passed","title":"unsubscribe on unmount — no memory leak"},{"ancestorTitles":["AuthContext — 3 scenarios after fix"],"duration":8,"failureDetails":[],"failureMessages":[],"fullName":"AuthContext — 3 scenarios after fix refreshUser is still available via context","invocations":1,"location":null,"numPassingAsserts":2,"retryReasons":[],"status":"passed","title":"refreshUser is still available via context"}],"endTime":1788181787223,"message":"","name":"D:\\y31\\Kinyark\\kinyark-ingredients-1\\tests\\auth-context.test.tsx","startTime":1788181782332,"status":"passed","summary":""},{"assertionResults":[{"ancestorTitles":["CreateRecipePage UI Authorization"],"duration":277,"failureDetails":[],"failureMessages":[],"fullName":"CreateRecipePage UI Authorization USER cannot access Store Recipe toggle","invocations":1,"location":null,"numPassingAsserts":2,"retryReasons":[],"status":"passed","title":"USER cannot access Store Recipe toggle"},{"ancestorTitles":["CreateRecipePage UI Authorization"],"duration":172,"failureDetails":[],"failureMessages":[],"fullName":"CreateRecipePage UI Authorization STORE can access Store Recipe toggle","invocations":1,"location":null,"numPassingAsserts":1,"retryReasons":[],"status":"passed","title":"STORE can access Store Recipe toggle"},{"ancestorTitles":["CreateRecipePage UI Authorization"],"duration":184,"failureDetails":[],"failureMessages":[],"fullName":"CreateRecipePage UI Authorization ADMIN can access Store Recipe toggle","invocations":1,"location":null,"numPassingAsserts":1,"retryReasons":[],"status":"passed","title":"ADMIN can access Store Recipe toggle"}],"endTime":1788181787939,"message":"","name":"D:\\y31\\Kinyark\\kinyark-ingredients-1\\tests\\create-recipe-ui.test.tsx","startTime":1788181782337,"status":"passed","summary":""},{"assertionResults":[{"ancestorTitles":["Review & Rating Flow Integration Test"],"duration":1476,"failureDetails":[],"failureMessages":[],"fullName":"Review & Rating Flow Integration Test POST /api/reviews - creates review and updates recipe rating/reviewCount","invocations":1,"location":null,"numPassingAsserts":5,"retryReasons":[],"status":"passed","title":"POST /api/reviews - creates review and updates recipe rating/reviewCount"},{"ancestorTitles":["Review & Rating Flow Integration Test"],"duration":973,"failureDetails":[],"failureMessages":[],"fullName":"Review & Rating Flow Integration Test PATCH /api/reviews/[id] - updates review rating and recalculates recipe average rating","invocations":1,"location":null,"numPassingAsserts":4,"retryReasons":[],"status":"passed","title":"PATCH /api/reviews/[id] - updates review rating and recalculates recipe average rating"},{"ancestorTitles":["Review & Rating Flow Integration Test"],"duration":1354,"failureDetails":[],"failureMessages":[],"fullName":"Review & Rating Flow Integration Test DELETE /api/reviews/[id] - deletes review and decrements recipe statistics","invocations":1,"location":null,"numPassingAsserts":5,"retryReasons":[],"status":"passed","title":"DELETE /api/reviews/[id] - deletes review and decrements recipe statistics"}],"endTime":1788181790184,"message":"","name":"D:\\y31\\Kinyark\\kinyark-ingredients-1\\tests\\integration\\review-rating.test.ts","startTime":1788181779974,"status":"passed","summary":""},{"assertionResults":[{"ancestorTitles":["Authentication"],"duration":202,"failureDetails":[],"failureMessages":[],"fullName":"Authentication login page loads","invocations":1,"location":null,"numPassingAsserts":3,"retryReasons":[],"status":"passed","title":"login page loads"},{"ancestorTitles":["Authentication"],"duration":60,"failureDetails":[],"failureMessages":[],"fullName":"Authentication register page loads","invocations":1,"location":null,"numPassingAsserts":3,"retryReasons":[],"status":"passed","title":"register page loads"},{"ancestorTitles":["Authentication"],"duration":875,"failureDetails":[],"failureMessages":[],"fullName":"Authentication login with wrong credentials shows error","invocations":1,"location":null,"numPassingAsserts":1,"retryReasons":[],"status":"passed","title":"login with wrong credentials shows error"},{"ancestorTitles":["Authentication"],"duration":109,"failureDetails":[],"failureMessages":[],"fullName":"Authentication navigate from login to register","invocations":1,"location":null,"numPassingAsserts":1,"retryReasons":[],"status":"passed","title":"navigate from login to register"},{"ancestorTitles":["Authentication"],"duration":1370,"failureDetails":[],"failureMessages":[],"fullName":"Authentication register with password mismatch shows client error","invocations":1,"location":null,"numPassingAsserts":1,"retryReasons":[],"status":"passed","title":"register with password mismatch shows client error"},{"ancestorTitles":["Authentication"],"duration":936,"failureDetails":[],"failureMessages":[],"fullName":"Authentication register with weak password shows client error","invocations":1,"location":null,"numPassingAsserts":1,"retryReasons":[],"status":"passed","title":"register with weak password shows client error"}],"endTime":1788181791154,"message":"","name":"D:\\y31\\Kinyark\\kinyark-ingredients-1\\tests\\auth.test.tsx","startTime":1788181782321,"status":"passed","summary":""},{"assertionResults":[{"ancestorTitles":["Core Recipe Flow (CRUD) Integration Test"],"duration":1655,"failureDetails":[],"failureMessages":[],"fullName":"Core Recipe Flow (CRUD) Integration Test POST /api/recipes - creates a new recipe with ingredients and equipment","invocations":1,"location":null,"numPassingAsserts":7,"retryReasons":[],"status":"passed","title":"POST /api/recipes - creates a new recipe with ingredients and equipment"},{"ancestorTitles":["Core Recipe Flow (CRUD) Integration Test"],"duration":1232,"failureDetails":[],"failureMessages":[],"fullName":"Core Recipe Flow (CRUD) Integration Test GET /api/recipes/[id] - retrieves detail with relations","invocations":1,"location":null,"numPassingAsserts":4,"retryReasons":[],"status":"passed","title":"GET /api/recipes/[id] - retrieves detail with relations"},{"ancestorTitles":["Core Recipe Flow (CRUD) Integration Test"],"duration":954,"failureDetails":[],"failureMessages":[],"fullName":"Core Recipe Flow (CRUD) Integration Test PATCH /api/recipes/[id] - updates recipe details","invocations":1,"location":null,"numPassingAsserts":5,"retryReasons":[],"status":"passed","title":"PATCH /api/recipes/[id] - updates recipe details"},{"ancestorTitles":["Core Recipe Flow (CRUD) Integration Test"],"duration":285,"failureDetails":[],"failureMessages":[],"fullName":"Core Recipe Flow (CRUD) Integration Test GET /api/recipes - filters and lists recipes","invocations":1,"location":null,"numPassingAsserts":3,"retryReasons":[],"status":"passed","title":"GET /api/recipes - filters and lists recipes"},{"ancestorTitles":["Core Recipe Flow (CRUD) Integration Test"],"duration":2231,"failureDetails":[],"failureMessages":[],"fullName":"Core Recipe Flow (CRUD) Integration Test DELETE /api/recipes/[id] - cascades delete associated entities","invocations":1,"location":null,"numPassingAsserts":4,"retryReasons":[],"status":"passed","title":"DELETE /api/recipes/[id] - cascades delete associated entities"}],"endTime":1788181791630,"message":"","name":"D:\\y31\\Kinyark\\kinyark-ingredients-1\\tests\\integration\\recipe-crud.test.ts","startTime":1788181779978,"status":"passed","summary":""}],"wasInterrupted":false}
